2025-12-06T00:00:24: 
> bayi-app@0.1.0 start
> next start

2025-12-06T00:00:24: 2025-12-06T00:00:24: 
> bayi-app@0.1.0 start
> next start

2025-12-06T00:00:25: 2025-12-06T00:00:25: 2025-12-06T00:00:25: 
> bayi-app@0.1.0 start
> next start

2025-12-06T00:00:26: 2025-12-06T00:00:26: 2025-12-06T00:00:26: 
> bayi-app@0.1.0 start
> next start

2025-12-06T00:00:26: 2025-12-06T00:00:26: 2025-12-06T00:00:26: 
> bayi-app@0.1.0 start
> next start

2025-12-06T00:00:27: 2025-12-06T00:00:27: 2025-12-06T00:00:27: 
> bayi-app@0.1.0 start
> next start

2025-12-06T00:00:27: 2025-12-06T00:00:28: 
> bayi-app@0.1.0 start
> next start

2025-12-06T00:00:28: 2025-12-06T00:00:28: 
> bayi-app@0.1.0 start
> next start

2025-12-06T00:00:29: 2025-12-06T00:00:29: 
> bayi-app@0.1.0 start
> next start

2025-12-06T00:00:29: 2025-12-06T00:00:29: 
> bayi-app@0.1.0 start
> next start

2025-12-06T00:00:30: 2025-12-06T00:00:30: 
> bayi-app@0.1.0 start
> next start

2025-12-06T00:00:30: 2025-12-06T00:00:30: 2025-12-06T00:00:30: 
> bayi-app@0.1.0 start
> next start

2025-12-06T00:00:31: 2025-12-06T00:00:31: 
> bayi-app@0.1.0 start
> next start

2025-12-06T00:00:32: 2025-12-06T00:00:32: 
> bayi-app@0.1.0 start
> next start

2025-12-06T00:00:32: 2025-12-06T00:00:32: 2025-12-06T00:00:32: 
> bayi-app@0.1.0 start
> next start

2025-12-06T00:00:33: 2025-12-06T00:00:33: 
> bayi-app@0.1.0 start
> next start

2025-12-06T00:00:33: 2025-12-06T00:00:33: 2026-01-04T11:50:26: 
> bayi-app@0.1.0 start
> next start

2026-01-04T11:50:32: 2026-01-04T11:50:34: 
> bayi-app@0.1.0 start
> next start

2026-01-04T11:50:39: 2026-01-04T11:50:41: 
> bayi-app@0.1.0 start
> next start

2026-01-04T11:50:46: 2026-01-04T11:50:49: 
> bayi-app@0.1.0 start
> next start

2026-01-04T11:50:55: 2026-01-04T11:50:56: 
> bayi-app@0.1.0 start
> next start

2026-01-04T11:51:01: 2026-01-04T11:51:01: 2026-01-04T11:51:04: 
> bayi-app@0.1.0 start
> next start

2026-01-04T11:51:09: 2026-01-04T11:51:10: 
> bayi-app@0.1.0 start
> next start

2026-01-04T11:54:59: 
> bayi-app@0.1.0 start
> next start

2026-01-04T12:03:47: 
> bayi-app@0.1.0 start
> next start

2026-01-04T12:06:40: 
> bayi-app@0.1.0 start
> next start

2026-01-04T12:06:47: 2026-01-04T12:06:51: 
> bayi-app@0.1.0 start
> next start

2026-01-04T12:06:56: 2026-01-04T12:06:56: 2026-01-04T12:06:58: 
> bayi-app@0.1.0 start
> next start

2026-01-04T12:07:04: 2026-01-04T12:07:06: 
> bayi-app@0.1.0 start
> next start

2026-01-04T12:07:10: 2026-01-04T12:07:12: 
> bayi-app@0.1.0 start
> next start

2026-01-04T12:07:16: 2026-01-04T12:07:18: 
> bayi-app@0.1.0 start
> next start

2026-01-04T12:07:22: 2026-01-04T12:07:24: 
> bayi-app@0.1.0 start
> next start

2026-01-04T12:07:30: 2026-01-04T12:07:32: 
> bayi-app@0.1.0 start
> next start

2026-01-04T12:07:38: 2026-01-04T12:07:40: 
> bayi-app@0.1.0 start
> next start

2026-01-04T12:07:44: 2026-01-04T12:07:46: 
> bayi-app@0.1.0 start
> next start

2026-01-04T12:07:50: 2026-01-04T12:07:52: 
> bayi-app@0.1.0 start
> next start

2026-01-04T12:07:55: 2026-01-04T12:07:57: 
> bayi-app@0.1.0 start
> next start

2026-01-04T12:08:03: 2026-01-04T12:08:06: 
> bayi-app@0.1.0 start
> next start

2026-01-04T12:08:13: 2026-01-04T12:08:14: 
> bayi-app@0.1.0 start
> next start

2026-01-04T12:08:19: 2026-01-04T12:08:20: 
> bayi-app@0.1.0 start
> next start

2026-01-04T12:08:24: 2026-01-04T12:08:26: 
> bayi-app@0.1.0 start
> next start

2026-01-04T12:08:30: 2026-01-04T12:08:32: 
> bayi-app@0.1.0 start
> next start

2026-01-04T12:08:37: 2026-01-04T12:08:39: 
> bayi-app@0.1.0 start
> next start

2026-01-04T12:08:43: 2026-01-04T12:08:43: 2026-01-04T12:08:45: 
> bayi-app@0.1.0 start
> next start

2026-01-04T12:08:49: 2026-01-04T12:08:49: 2026-01-04T12:08:50: 
> bayi-app@0.1.0 start
> next start

2026-01-04T12:12:36: 
> bayi-app@0.1.0 start
> next start

2026-01-04T12:19:32: 
> bayi-app@0.1.0 start
> next start

2026-01-04T12:24:29: 
> bayi-app@0.1.0 start
> next start

2026-01-04T12:28:26: 
> bayi-app@0.1.0 start
> next start

2026-01-04T12:43:08: 
> bayi-app@0.1.0 start
> next start

